2025-03-27 21:18:43,391 - ERROR - Invalid ADMIN_TELEGRAM_ID in .env
2025-03-27 21:20:38,479 - ERROR - Invalid ADMIN_TELEGRAM_ID in .env
2025-03-27 21:22:02,949 - ERROR - Invalid ADMIN_TELEGRAM_ID in .env
2025-03-27 21:25:40,112 - ERROR - Invalid ADMIN_TELEGRAM_ID in .env
2025-03-27 21:25:58,373 - ERROR - Invalid ADMIN_TELEGRAM_ID in .env
2025-03-27 21:26:46,207 - ERROR - Invalid ADMIN_TELEGRAM_ID in .env
2025-03-27 21:26:59,218 - ERROR - Invalid ADMIN_TELEGRAM_ID in .env
2025-03-27 21:30:49,106 - ERROR - Invalid ADMIN_TELEGRAM_ID in .env
2025-03-27 21:31:25,068 - ERROR - Invalid ADMIN_TELEGRAM_ID in .env
2025-03-27 21:31:47,941 - ERROR - Invalid ADMIN_TELEGRAM_ID in .env
2025-03-27 21:36:15,253 - INFO - Adding job tentatively -- it will be properly scheduled when the scheduler starts
2025-03-27 21:36:15,267 - INFO - Adding job tentatively -- it will be properly scheduled when the scheduler starts
2025-03-27 21:36:15,935 - INFO - HTTP Request: POST https://api.telegram.org/bot7984366177:AAF5LFS_jWZJTqx-8N4no1dTrnBUwv9kHmo/getMe "HTTP/1.1 200 OK"
2025-03-27 21:36:16,166 - INFO - HTTP Request: POST https://api.telegram.org/bot7984366177:AAF5LFS_jWZJTqx-8N4no1dTrnBUwv9kHmo/deleteWebhook "HTTP/1.1 200 OK"
2025-03-27 21:36:16,170 - INFO - Added job "check_alerts" to job store "default"
2025-03-27 21:36:16,171 - INFO - Added job "daily_tip" to job store "default"
2025-03-27 21:36:16,171 - INFO - Scheduler started
2025-03-27 21:36:16,171 - INFO - Application started
2025-03-27 21:36:16,765 - INFO - HTTP Request: POST https://api.telegram.org/bot7984366177:AAF5LFS_jWZJTqx-8N4no1dTrnBUwv9kHmo/getUpdates "HTTP/1.1 200 OK"
2025-03-27 21:36:16,983 - INFO - HTTP Request: POST https://api.telegram.org/bot7984366177:AAF5LFS_jWZJTqx-8N4no1dTrnBUwv9kHmo/sendMessage "HTTP/1.1 200 OK"
2025-03-27 21:36:25,266 - INFO - Running job "check_alerts (trigger: interval[0:01:00], next run at: 2025-03-27 21:37:25 UTC)" (scheduled at 2025-03-27 21:36:25.253122+00:00)
2025-03-27 21:36:25,269 - INFO - Job "check_alerts (trigger: interval[0:01:00], next run at: 2025-03-27 21:37:25 UTC)" executed successfully
2025-03-27 21:36:26,762 - INFO - HTTP Request: POST https://api.telegram.org/bot7984366177:AAF5LFS_jWZJTqx-8N4no1dTrnBUwv9kHmo/getUpdates "HTTP/1.1 200 OK"
2025-03-27 21:36:27,731 - INFO - HTTP Request: POST https://api.telegram.org/bot7984366177:AAF5LFS_jWZJTqx-8N4no1dTrnBUwv9kHmo/sendMessage "HTTP/1.1 200 OK"
2025-03-27 21:36:29,506 - INFO - HTTP Request: POST https://api.telegram.org/bot7984366177:AAF5LFS_jWZJTqx-8N4no1dTrnBUwv9kHmo/getUpdates "HTTP/1.1 200 OK"
2025-03-27 21:36:29,711 - INFO - HTTP Request: POST https://api.telegram.org/bot7984366177:AAF5LFS_jWZJTqx-8N4no1dTrnBUwv9kHmo/answerCallbackQuery "HTTP/1.1 200 OK"
2025-03-27 21:36:29,951 - INFO - HTTP Request: POST https://api.telegram.org/bot7984366177:AAF5LFS_jWZJTqx-8N4no1dTrnBUwv9kHmo/editMessageText "HTTP/1.1 200 OK"
2025-03-27 21:36:38,866 - INFO - HTTP Request: POST https://api.telegram.org/bot7984366177:AAF5LFS_jWZJTqx-8N4no1dTrnBUwv9kHmo/getUpdates "HTTP/1.1 200 OK"
2025-03-27 21:36:39,520 - INFO - HTTP Request: POST https://api.telegram.org/bot7984366177:AAF5LFS_jWZJTqx-8N4no1dTrnBUwv9kHmo/answerCallbackQuery "HTTP/1.1 200 OK"
2025-03-27 21:36:39,765 - INFO - HTTP Request: POST https://api.telegram.org/bot7984366177:AAF5LFS_jWZJTqx-8N4no1dTrnBUwv9kHmo/editMessageText "HTTP/1.1 200 OK"
2025-03-27 21:36:46,056 - INFO - HTTP Request: POST https://api.telegram.org/bot7984366177:AAF5LFS_jWZJTqx-8N4no1dTrnBUwv9kHmo/getUpdates "HTTP/1.1 200 OK"
2025-03-27 21:36:46,711 - INFO - HTTP Request: POST https://api.telegram.org/bot7984366177:AAF5LFS_jWZJTqx-8N4no1dTrnBUwv9kHmo/sendMessage "HTTP/1.1 200 OK"
2025-03-27 21:36:48,139 - INFO - HTTP Request: POST https://api.telegram.org/bot7984366177:AAF5LFS_jWZJTqx-8N4no1dTrnBUwv9kHmo/getUpdates "HTTP/1.1 200 OK"
2025-03-27 21:36:48,334 - INFO - HTTP Request: POST https://api.telegram.org/bot7984366177:AAF5LFS_jWZJTqx-8N4no1dTrnBUwv9kHmo/answerCallbackQuery "HTTP/1.1 200 OK"
2025-03-27 21:36:48,551 - INFO - HTTP Request: POST https://api.telegram.org/bot7984366177:AAF5LFS_jWZJTqx-8N4no1dTrnBUwv9kHmo/editMessageText "HTTP/1.1 200 OK"
2025-03-27 21:36:48,795 - INFO - HTTP Request: POST https://api.telegram.org/bot7984366177:AAF5LFS_jWZJTqx-8N4no1dTrnBUwv9kHmo/sendPoll "HTTP/1.1 200 OK"
2025-03-27 21:36:52,709 - INFO - HTTP Request: POST https://api.telegram.org/bot7984366177:AAF5LFS_jWZJTqx-8N4no1dTrnBUwv9kHmo/getUpdates "HTTP/1.1 200 OK"
2025-03-27 21:36:58,632 - INFO - HTTP Request: POST https://api.telegram.org/bot7984366177:AAF5LFS_jWZJTqx-8N4no1dTrnBUwv9kHmo/getUpdates "HTTP/1.1 200 OK"
2025-03-27 21:36:59,358 - INFO - HTTP Request: POST https://api.telegram.org/bot7984366177:AAF5LFS_jWZJTqx-8N4no1dTrnBUwv9kHmo/sendMessage "HTTP/1.1 200 OK"
2025-03-27 21:37:00,644 - INFO - HTTP Request: POST https://api.telegram.org/bot7984366177:AAF5LFS_jWZJTqx-8N4no1dTrnBUwv9kHmo/getUpdates "HTTP/1.1 200 OK"
2025-03-27 21:37:00,895 - INFO - HTTP Request: POST https://api.telegram.org/bot7984366177:AAF5LFS_jWZJTqx-8N4no1dTrnBUwv9kHmo/answerCallbackQuery "HTTP/1.1 200 OK"
2025-03-27 21:37:01,287 - INFO - HTTP Request: POST https://api.telegram.org/bot7984366177:AAF5LFS_jWZJTqx-8N4no1dTrnBUwv9kHmo/editMessageText "HTTP/1.1 200 OK"
2025-03-27 21:37:02,738 - INFO - HTTP Request: POST https://api.telegram.org/bot7984366177:AAF5LFS_jWZJTqx-8N4no1dTrnBUwv9kHmo/getUpdates "HTTP/1.1 200 OK"
2025-03-27 21:37:02,999 - INFO - HTTP Request: POST https://api.telegram.org/bot7984366177:AAF5LFS_jWZJTqx-8N4no1dTrnBUwv9kHmo/answerCallbackQuery "HTTP/1.1 200 OK"
2025-03-27 21:37:03,293 - INFO - HTTP Request: POST https://api.telegram.org/bot7984366177:AAF5LFS_jWZJTqx-8N4no1dTrnBUwv9kHmo/editMessageText "HTTP/1.1 200 OK"
2025-03-27 21:37:11,934 - INFO - HTTP Request: POST https://api.telegram.org/bot7984366177:AAF5LFS_jWZJTqx-8N4no1dTrnBUwv9kHmo/getUpdates "HTTP/1.1 200 OK"
2025-03-27 21:37:16,613 - INFO - HTTP Request: POST https://api.telegram.org/bot7984366177:AAF5LFS_jWZJTqx-8N4no1dTrnBUwv9kHmo/sendMessage "HTTP/1.1 200 OK"
2025-03-27 21:37:25,265 - INFO - Running job "check_alerts (trigger: interval[0:01:00], next run at: 2025-03-27 21:38:25 UTC)" (scheduled at 2025-03-27 21:37:25.253122+00:00)
2025-03-27 21:37:25,268 - INFO - Job "check_alerts (trigger: interval[0:01:00], next run at: 2025-03-27 21:38:25 UTC)" executed successfully
2025-03-27 21:37:26,121 - INFO - HTTP Request: POST https://api.telegram.org/bot7984366177:AAF5LFS_jWZJTqx-8N4no1dTrnBUwv9kHmo/getUpdates "HTTP/1.1 200 OK"
2025-03-27 21:37:27,200 - INFO - HTTP Request: POST https://api.telegram.org/bot7984366177:AAF5LFS_jWZJTqx-8N4no1dTrnBUwv9kHmo/sendMessage "HTTP/1.1 200 OK"
2025-03-27 21:37:29,059 - INFO - HTTP Request: POST https://api.telegram.org/bot7984366177:AAF5LFS_jWZJTqx-8N4no1dTrnBUwv9kHmo/getUpdates "HTTP/1.1 200 OK"
2025-03-27 21:37:29,395 - INFO - HTTP Request: POST https://api.telegram.org/bot7984366177:AAF5LFS_jWZJTqx-8N4no1dTrnBUwv9kHmo/answerCallbackQuery "HTTP/1.1 200 OK"
2025-03-27 21:37:29,760 - INFO - HTTP Request: POST https://api.telegram.org/bot7984366177:AAF5LFS_jWZJTqx-8N4no1dTrnBUwv9kHmo/editMessageText "HTTP/1.1 200 OK"
2025-03-27 21:37:39,393 - INFO - HTTP Request: POST https://api.telegram.org/bot7984366177:AAF5LFS_jWZJTqx-8N4no1dTrnBUwv9kHmo/getUpdates "HTTP/1.1 200 OK"
2025-03-27 21:37:41,460 - INFO - HTTP Request: POST https://api.telegram.org/bot7984366177:AAF5LFS_jWZJTqx-8N4no1dTrnBUwv9kHmo/getUpdates "HTTP/1.1 200 OK"
2025-03-27 21:37:51,651 - INFO - HTTP Request: POST https://api.telegram.org/bot7984366177:AAF5LFS_jWZJTqx-8N4no1dTrnBUwv9kHmo/getUpdates "HTTP/1.1 200 OK"
2025-03-27 21:38:00,683 - INFO - HTTP Request: POST https://api.telegram.org/bot7984366177:AAF5LFS_jWZJTqx-8N4no1dTrnBUwv9kHmo/getUpdates "HTTP/1.1 200 OK"
2025-03-27 21:38:02,052 - INFO - HTTP Request: POST https://api.telegram.org/bot7984366177:AAF5LFS_jWZJTqx-8N4no1dTrnBUwv9kHmo/sendMessage "HTTP/1.1 200 OK"
2025-03-27 21:38:03,232 - INFO - HTTP Request: POST https://api.telegram.org/bot7984366177:AAF5LFS_jWZJTqx-8N4no1dTrnBUwv9kHmo/getUpdates "HTTP/1.1 200 OK"
2025-03-27 21:38:03,468 - INFO - HTTP Request: POST https://api.telegram.org/bot7984366177:AAF5LFS_jWZJTqx-8N4no1dTrnBUwv9kHmo/answerCallbackQuery "HTTP/1.1 200 OK"
2025-03-27 21:38:03,789 - INFO - HTTP Request: POST https://api.telegram.org/bot7984366177:AAF5LFS_jWZJTqx-8N4no1dTrnBUwv9kHmo/editMessageText "HTTP/1.1 200 OK"
2025-03-27 21:38:09,876 - INFO - HTTP Request: POST https://api.telegram.org/bot7984366177:AAF5LFS_jWZJTqx-8N4no1dTrnBUwv9kHmo/getUpdates "HTTP/1.1 200 OK"
2025-03-27 21:38:10,618 - INFO - HTTP Request: POST https://api.telegram.org/bot7984366177:AAF5LFS_jWZJTqx-8N4no1dTrnBUwv9kHmo/sendMessage "HTTP/1.1 200 OK"
2025-03-27 21:38:12,891 - INFO - HTTP Request: POST https://api.telegram.org/bot7984366177:AAF5LFS_jWZJTqx-8N4no1dTrnBUwv9kHmo/getUpdates "HTTP/1.1 200 OK"
2025-03-27 21:38:13,121 - INFO - HTTP Request: POST https://api.telegram.org/bot7984366177:AAF5LFS_jWZJTqx-8N4no1dTrnBUwv9kHmo/answerCallbackQuery "HTTP/1.1 200 OK"
2025-03-27 21:38:13,306 - INFO - HTTP Request: POST https://api.telegram.org/bot7984366177:AAF5LFS_jWZJTqx-8N4no1dTrnBUwv9kHmo/editMessageText "HTTP/1.1 200 OK"
2025-03-27 21:38:14,920 - INFO - HTTP Request: POST https://api.telegram.org/bot7984366177:AAF5LFS_jWZJTqx-8N4no1dTrnBUwv9kHmo/getUpdates "HTTP/1.1 200 OK"
2025-03-27 21:38:15,228 - INFO - HTTP Request: POST https://api.telegram.org/bot7984366177:AAF5LFS_jWZJTqx-8N4no1dTrnBUwv9kHmo/sendMessage "HTTP/1.1 200 OK"
2025-03-27 21:38:18,173 - INFO - HTTP Request: POST https://api.telegram.org/bot7984366177:AAF5LFS_jWZJTqx-8N4no1dTrnBUwv9kHmo/getUpdates "HTTP/1.1 200 OK"
2025-03-27 21:38:18,480 - INFO - HTTP Request: POST https://api.telegram.org/bot7984366177:AAF5LFS_jWZJTqx-8N4no1dTrnBUwv9kHmo/sendMessage "HTTP/1.1 200 OK"
2025-03-27 21:38:20,824 - INFO - HTTP Request: POST https://api.telegram.org/bot7984366177:AAF5LFS_jWZJTqx-8N4no1dTrnBUwv9kHmo/getUpdates "HTTP/1.1 200 OK"
2025-03-27 21:38:21,053 - INFO - HTTP Request: POST https://api.telegram.org/bot7984366177:AAF5LFS_jWZJTqx-8N4no1dTrnBUwv9kHmo/answerCallbackQuery "HTTP/1.1 200 OK"
2025-03-27 21:38:21,405 - INFO - HTTP Request: POST https://api.telegram.org/bot7984366177:AAF5LFS_jWZJTqx-8N4no1dTrnBUwv9kHmo/editMessageText "HTTP/1.1 200 OK"
2025-03-27 21:38:25,265 - INFO - Running job "check_alerts (trigger: interval[0:01:00], next run at: 2025-03-27 21:39:25 UTC)" (scheduled at 2025-03-27 21:38:25.253122+00:00)
2025-03-27 21:38:25,267 - INFO - Job "check_alerts (trigger: interval[0:01:00], next run at: 2025-03-27 21:39:25 UTC)" executed successfully
2025-03-27 21:38:25,680 - INFO - HTTP Request: POST https://api.telegram.org/bot7984366177:AAF5LFS_jWZJTqx-8N4no1dTrnBUwv9kHmo/getUpdates "HTTP/1.1 200 OK"
2025-03-27 21:38:25,995 - INFO - HTTP Request: POST https://api.telegram.org/bot7984366177:AAF5LFS_jWZJTqx-8N4no1dTrnBUwv9kHmo/sendMessage "HTTP/1.1 200 OK"
2025-03-27 21:38:35,867 - INFO - HTTP Request: POST https://api.telegram.org/bot7984366177:AAF5LFS_jWZJTqx-8N4no1dTrnBUwv9kHmo/getUpdates "HTTP/1.1 200 OK"
2025-03-27 21:38:37,748 - INFO - HTTP Request: POST https://api.telegram.org/bot7984366177:AAF5LFS_jWZJTqx-8N4no1dTrnBUwv9kHmo/getUpdates "HTTP/1.1 200 OK"
2025-03-27 21:38:38,642 - INFO - HTTP Request: POST https://api.telegram.org/bot7984366177:AAF5LFS_jWZJTqx-8N4no1dTrnBUwv9kHmo/sendMessage "HTTP/1.1 200 OK"
2025-03-27 21:38:40,511 - INFO - HTTP Request: POST https://api.telegram.org/bot7984366177:AAF5LFS_jWZJTqx-8N4no1dTrnBUwv9kHmo/getUpdates "HTTP/1.1 200 OK"
2025-03-27 21:38:40,694 - INFO - HTTP Request: POST https://api.telegram.org/bot7984366177:AAF5LFS_jWZJTqx-8N4no1dTrnBUwv9kHmo/answerCallbackQuery "HTTP/1.1 200 OK"
2025-03-27 21:38:40,930 - INFO - HTTP Request: POST https://api.telegram.org/bot7984366177:AAF5LFS_jWZJTqx-8N4no1dTrnBUwv9kHmo/editMessageText "HTTP/1.1 200 OK"
2025-03-27 21:38:42,906 - INFO - HTTP Request: POST https://api.telegram.org/bot7984366177:AAF5LFS_jWZJTqx-8N4no1dTrnBUwv9kHmo/getUpdates "HTTP/1.1 200 OK"
2025-03-27 21:38:43,230 - INFO - HTTP Request: POST https://api.telegram.org/bot7984366177:AAF5LFS_jWZJTqx-8N4no1dTrnBUwv9kHmo/sendMessage "HTTP/1.1 200 OK"
2025-03-27 21:38:46,160 - INFO - HTTP Request: POST https://api.telegram.org/bot7984366177:AAF5LFS_jWZJTqx-8N4no1dTrnBUwv9kHmo/getUpdates "HTTP/1.1 200 OK"
2025-03-27 21:38:46,418 - INFO - HTTP Request: POST https://api.telegram.org/bot7984366177:AAF5LFS_jWZJTqx-8N4no1dTrnBUwv9kHmo/sendMessage "HTTP/1.1 200 OK"
2025-03-27 21:38:47,801 - INFO - HTTP Request: POST https://api.telegram.org/bot7984366177:AAF5LFS_jWZJTqx-8N4no1dTrnBUwv9kHmo/getUpdates "HTTP/1.1 200 OK"
2025-03-27 21:38:48,062 - INFO - HTTP Request: POST https://api.telegram.org/bot7984366177:AAF5LFS_jWZJTqx-8N4no1dTrnBUwv9kHmo/answerCallbackQuery "HTTP/1.1 200 OK"
2025-03-27 21:38:48,268 - INFO - HTTP Request: POST https://api.telegram.org/bot7984366177:AAF5LFS_jWZJTqx-8N4no1dTrnBUwv9kHmo/editMessageText "HTTP/1.1 200 OK"
2025-03-27 21:38:56,180 - INFO - HTTP Request: POST https://api.telegram.org/bot7984366177:AAF5LFS_jWZJTqx-8N4no1dTrnBUwv9kHmo/getUpdates "HTTP/1.1 200 OK"
2025-03-27 21:38:56,911 - INFO - HTTP Request: POST https://api.telegram.org/bot7984366177:AAF5LFS_jWZJTqx-8N4no1dTrnBUwv9kHmo/sendMessage "HTTP/1.1 200 OK"
2025-03-27 21:38:57,240 - INFO - HTTP Request: POST https://api.telegram.org/bot7984366177:AAF5LFS_jWZJTqx-8N4no1dTrnBUwv9kHmo/sendMessage "HTTP/1.1 200 OK"
2025-03-27 21:39:06,396 - INFO - HTTP Request: POST https://api.telegram.org/bot7984366177:AAF5LFS_jWZJTqx-8N4no1dTrnBUwv9kHmo/getUpdates "HTTP/1.1 200 OK"
2025-03-27 21:39:16,590 - INFO - HTTP Request: POST https://api.telegram.org/bot7984366177:AAF5LFS_jWZJTqx-8N4no1dTrnBUwv9kHmo/getUpdates "HTTP/1.1 200 OK"
2025-03-27 21:39:25,268 - INFO - Running job "check_alerts (trigger: interval[0:01:00], next run at: 2025-03-27 21:40:25 UTC)" (scheduled at 2025-03-27 21:39:25.253122+00:00)
2025-03-27 21:39:25,270 - INFO - Job "check_alerts (trigger: interval[0:01:00], next run at: 2025-03-27 21:40:25 UTC)" executed successfully
2025-03-27 21:39:26,770 - INFO - HTTP Request: POST https://api.telegram.org/bot7984366177:AAF5LFS_jWZJTqx-8N4no1dTrnBUwv9kHmo/getUpdates "HTTP/1.1 200 OK"
2025-03-27 21:39:27,240 - INFO - HTTP Request: POST https://api.telegram.org/bot7984366177:AAF5LFS_jWZJTqx-8N4no1dTrnBUwv9kHmo/getUpdates "HTTP/1.1 200 OK"
2025-03-27 21:39:28,177 - INFO - HTTP Request: POST https://api.telegram.org/bot7984366177:AAF5LFS_jWZJTqx-8N4no1dTrnBUwv9kHmo/sendMessage "HTTP/1.1 200 OK"
2025-03-27 21:39:30,212 - INFO - HTTP Request: POST https://api.telegram.org/bot7984366177:AAF5LFS_jWZJTqx-8N4no1dTrnBUwv9kHmo/getUpdates "HTTP/1.1 200 OK"
2025-03-27 21:39:30,394 - INFO - HTTP Request: POST https://api.telegram.org/bot7984366177:AAF5LFS_jWZJTqx-8N4no1dTrnBUwv9kHmo/answerCallbackQuery "HTTP/1.1 200 OK"
2025-03-27 21:39:30,600 - INFO - HTTP Request: POST https://api.telegram.org/bot7984366177:AAF5LFS_jWZJTqx-8N4no1dTrnBUwv9kHmo/editMessageText "HTTP/1.1 200 OK"
2025-03-27 21:39:32,303 - INFO - HTTP Request: POST https://api.telegram.org/bot7984366177:AAF5LFS_jWZJTqx-8N4no1dTrnBUwv9kHmo/getUpdates "HTTP/1.1 200 OK"
2025-03-27 21:39:32,497 - INFO - HTTP Request: POST https://api.telegram.org/bot7984366177:AAF5LFS_jWZJTqx-8N4no1dTrnBUwv9kHmo/sendMessage "HTTP/1.1 200 OK"
2025-03-27 21:39:42,577 - INFO - HTTP Request: POST https://api.telegram.org/bot7984366177:AAF5LFS_jWZJTqx-8N4no1dTrnBUwv9kHmo/getUpdates "HTTP/1.1 200 OK"
2025-03-27 21:39:44,317 - INFO - HTTP Request: POST https://api.telegram.org/bot7984366177:AAF5LFS_jWZJTqx-8N4no1dTrnBUwv9kHmo/getUpdates "HTTP/1.1 200 OK"
2025-03-27 21:39:45,025 - INFO - HTTP Request: POST https://api.telegram.org/bot7984366177:AAF5LFS_jWZJTqx-8N4no1dTrnBUwv9kHmo/sendMessage "HTTP/1.1 200 OK"
2025-03-27 21:39:47,626 - INFO - HTTP Request: POST https://api.telegram.org/bot7984366177:AAF5LFS_jWZJTqx-8N4no1dTrnBUwv9kHmo/getUpdates "HTTP/1.1 200 OK"
2025-03-27 21:39:49,372 - INFO - HTTP Request: POST https://api.telegram.org/bot7984366177:AAF5LFS_jWZJTqx-8N4no1dTrnBUwv9kHmo/sendMessage "HTTP/1.1 200 OK"
2025-03-27 21:39:51,901 - INFO - HTTP Request: POST https://api.telegram.org/bot7984366177:AAF5LFS_jWZJTqx-8N4no1dTrnBUwv9kHmo/getUpdates "HTTP/1.1 200 OK"
2025-03-27 21:39:52,172 - INFO - HTTP Request: POST https://api.telegram.org/bot7984366177:AAF5LFS_jWZJTqx-8N4no1dTrnBUwv9kHmo/sendMessage "HTTP/1.1 200 OK"
2025-03-27 21:39:55,273 - INFO - HTTP Request: POST https://api.telegram.org/bot7984366177:AAF5LFS_jWZJTqx-8N4no1dTrnBUwv9kHmo/getUpdates "HTTP/1.1 200 OK"
2025-03-27 21:39:55,458 - INFO - HTTP Request: POST https://api.telegram.org/bot7984366177:AAF5LFS_jWZJTqx-8N4no1dTrnBUwv9kHmo/answerCallbackQuery "HTTP/1.1 200 OK"
2025-03-27 21:39:55,627 - INFO - HTTP Request: POST https://api.telegram.org/bot7984366177:AAF5LFS_jWZJTqx-8N4no1dTrnBUwv9kHmo/editMessageText "HTTP/1.1 200 OK"
2025-03-27 21:39:56,690 - INFO - HTTP Request: POST https://api.telegram.org/bot7984366177:AAF5LFS_jWZJTqx-8N4no1dTrnBUwv9kHmo/getUpdates "HTTP/1.1 200 OK"
2025-03-27 21:40:00,986 - INFO - HTTP Request: POST https://api.telegram.org/bot7984366177:AAF5LFS_jWZJTqx-8N4no1dTrnBUwv9kHmo/sendMessage "HTTP/1.1 200 OK"
2025-03-27 21:40:04,800 - INFO - HTTP Request: POST https://api.telegram.org/bot7984366177:AAF5LFS_jWZJTqx-8N4no1dTrnBUwv9kHmo/getUpdates "HTTP/1.1 200 OK"
2025-03-27 21:40:05,038 - INFO - HTTP Request: POST https://api.telegram.org/bot7984366177:AAF5LFS_jWZJTqx-8N4no1dTrnBUwv9kHmo/sendMessage "HTTP/1.1 200 OK"
2025-03-27 21:40:06,780 - INFO - HTTP Request: POST https://api.telegram.org/bot7984366177:AAF5LFS_jWZJTqx-8N4no1dTrnBUwv9kHmo/getUpdates "HTTP/1.1 200 OK"
2025-03-27 21:40:07,001 - INFO - HTTP Request: POST https://api.telegram.org/bot7984366177:AAF5LFS_jWZJTqx-8N4no1dTrnBUwv9kHmo/answerCallbackQuery "HTTP/1.1 200 OK"
2025-03-27 21:40:07,310 - INFO - HTTP Request: POST https://api.telegram.org/bot7984366177:AAF5LFS_jWZJTqx-8N4no1dTrnBUwv9kHmo/editMessageText "HTTP/1.1 200 OK"
2025-03-27 21:40:12,245 - INFO - HTTP Request: POST https://api.telegram.org/bot7984366177:AAF5LFS_jWZJTqx-8N4no1dTrnBUwv9kHmo/getUpdates "HTTP/1.1 200 OK"
2025-03-27 21:40:12,502 - INFO - HTTP Request: POST https://api.telegram.org/bot7984366177:AAF5LFS_jWZJTqx-8N4no1dTrnBUwv9kHmo/sendMessage "HTTP/1.1 200 OK"
2025-03-27 21:40:19,777 - INFO - HTTP Request: POST https://api.telegram.org/bot7984366177:AAF5LFS_jWZJTqx-8N4no1dTrnBUwv9kHmo/getUpdates "HTTP/1.1 200 OK"
2025-03-27 21:40:20,284 - INFO - HTTP Request: POST https://api.telegram.org/bot7984366177:AAF5LFS_jWZJTqx-8N4no1dTrnBUwv9kHmo/answerCallbackQuery "HTTP/1.1 200 OK"
2025-03-27 21:40:20,486 - INFO - HTTP Request: POST https://api.telegram.org/bot7984366177:AAF5LFS_jWZJTqx-8N4no1dTrnBUwv9kHmo/editMessageText "HTTP/1.1 200 OK"
2025-03-27 21:40:20,714 - INFO - HTTP Request: POST https://api.telegram.org/bot7984366177:AAF5LFS_jWZJTqx-8N4no1dTrnBUwv9kHmo/sendPoll "HTTP/1.1 200 OK"
2025-03-27 21:40:23,533 - INFO - HTTP Request: POST https://api.telegram.org/bot7984366177:AAF5LFS_jWZJTqx-8N4no1dTrnBUwv9kHmo/getUpdates "HTTP/1.1 200 OK"
2025-03-27 21:40:25,268 - INFO - Running job "check_alerts (trigger: interval[0:01:00], next run at: 2025-03-27 21:41:25 UTC)" (scheduled at 2025-03-27 21:40:25.253122+00:00)
2025-03-27 21:40:25,275 - INFO - Job "check_alerts (trigger: interval[0:01:00], next run at: 2025-03-27 21:41:25 UTC)" executed successfully
2025-03-27 21:40:25,810 - INFO - HTTP Request: POST https://api.telegram.org/bot7984366177:AAF5LFS_jWZJTqx-8N4no1dTrnBUwv9kHmo/getUpdates "HTTP/1.1 200 OK"
2025-03-27 21:40:26,493 - INFO - HTTP Request: POST https://api.telegram.org/bot7984366177:AAF5LFS_jWZJTqx-8N4no1dTrnBUwv9kHmo/sendMessage "HTTP/1.1 200 OK"
2025-03-27 21:40:27,853 - INFO - HTTP Request: POST https://api.telegram.org/bot7984366177:AAF5LFS_jWZJTqx-8N4no1dTrnBUwv9kHmo/getUpdates "HTTP/1.1 200 OK"
2025-03-27 21:40:28,077 - INFO - HTTP Request: POST https://api.telegram.org/bot7984366177:AAF5LFS_jWZJTqx-8N4no1dTrnBUwv9kHmo/answerCallbackQuery "HTTP/1.1 200 OK"
2025-03-27 21:40:28,277 - INFO - HTTP Request: POST https://api.telegram.org/bot7984366177:AAF5LFS_jWZJTqx-8N4no1dTrnBUwv9kHmo/editMessageText "HTTP/1.1 200 OK"
2025-03-27 21:40:30,569 - INFO - HTTP Request: POST https://api.telegram.org/bot7984366177:AAF5LFS_jWZJTqx-8N4no1dTrnBUwv9kHmo/getUpdates "HTTP/1.1 200 OK"
2025-03-27 21:40:31,281 - INFO - HTTP Request: POST https://api.telegram.org/bot7984366177:AAF5LFS_jWZJTqx-8N4no1dTrnBUwv9kHmo/sendMessage "HTTP/1.1 200 OK"
2025-03-27 21:40:35,995 - INFO - HTTP Request: POST https://api.telegram.org/bot7984366177:AAF5LFS_jWZJTqx-8N4no1dTrnBUwv9kHmo/getUpdates "HTTP/1.1 200 OK"
2025-03-27 21:40:36,329 - INFO - HTTP Request: POST https://api.telegram.org/bot7984366177:AAF5LFS_jWZJTqx-8N4no1dTrnBUwv9kHmo/sendMessage "HTTP/1.1 200 OK"
2025-03-27 21:40:37,668 - INFO - HTTP Request: POST https://api.telegram.org/bot7984366177:AAF5LFS_jWZJTqx-8N4no1dTrnBUwv9kHmo/getUpdates "HTTP/1.1 200 OK"
2025-03-27 21:40:37,877 - INFO - HTTP Request: POST https://api.telegram.org/bot7984366177:AAF5LFS_jWZJTqx-8N4no1dTrnBUwv9kHmo/answerCallbackQuery "HTTP/1.1 200 OK"
2025-03-27 21:40:38,117 - INFO - HTTP Request: POST https://api.telegram.org/bot7984366177:AAF5LFS_jWZJTqx-8N4no1dTrnBUwv9kHmo/editMessageText "HTTP/1.1 200 OK"
2025-03-27 21:40:47,886 - INFO - HTTP Request: POST https://api.telegram.org/bot7984366177:AAF5LFS_jWZJTqx-8N4no1dTrnBUwv9kHmo/getUpdates "HTTP/1.1 200 OK"
2025-03-27 21:40:51,366 - INFO - HTTP Request: POST https://api.telegram.org/bot7984366177:AAF5LFS_jWZJTqx-8N4no1dTrnBUwv9kHmo/getUpdates "HTTP/1.1 200 OK"
2025-03-27 21:40:52,752 - INFO - HTTP Request: POST https://api.telegram.org/bot7984366177:AAF5LFS_jWZJTqx-8N4no1dTrnBUwv9kHmo/sendMessage "HTTP/1.1 200 OK"
2025-03-27 21:40:56,707 - INFO - HTTP Request: POST https://api.telegram.org/bot7984366177:AAF5LFS_jWZJTqx-8N4no1dTrnBUwv9kHmo/getUpdates "HTTP/1.1 200 OK"
2025-03-27 21:40:56,973 - INFO - HTTP Request: POST https://api.telegram.org/bot7984366177:AAF5LFS_jWZJTqx-8N4no1dTrnBUwv9kHmo/sendMessage "HTTP/1.1 200 OK"
2025-03-27 21:40:58,881 - INFO - HTTP Request: POST https://api.telegram.org/bot7984366177:AAF5LFS_jWZJTqx-8N4no1dTrnBUwv9kHmo/getUpdates "HTTP/1.1 200 OK"
2025-03-27 21:40:59,086 - INFO - HTTP Request: POST https://api.telegram.org/bot7984366177:AAF5LFS_jWZJTqx-8N4no1dTrnBUwv9kHmo/answerCallbackQuery "HTTP/1.1 200 OK"
2025-03-27 21:40:59,327 - INFO - HTTP Request: POST https://api.telegram.org/bot7984366177:AAF5LFS_jWZJTqx-8N4no1dTrnBUwv9kHmo/editMessageText "HTTP/1.1 200 OK"
2025-03-27 21:41:00,833 - INFO - HTTP Request: POST https://api.telegram.org/bot7984366177:AAF5LFS_jWZJTqx-8N4no1dTrnBUwv9kHmo/getUpdates "HTTP/1.1 200 OK"
2025-03-27 21:41:01,160 - INFO - HTTP Request: POST https://api.telegram.org/bot7984366177:AAF5LFS_jWZJTqx-8N4no1dTrnBUwv9kHmo/sendMessage "HTTP/1.1 200 OK"
2025-03-27 21:41:03,270 - INFO - HTTP Request: POST https://api.telegram.org/bot7984366177:AAF5LFS_jWZJTqx-8N4no1dTrnBUwv9kHmo/getUpdates "HTTP/1.1 200 OK"
2025-03-27 21:41:03,472 - INFO - HTTP Request: POST https://api.telegram.org/bot7984366177:AAF5LFS_jWZJTqx-8N4no1dTrnBUwv9kHmo/sendMessage "HTTP/1.1 200 OK"
2025-03-27 21:41:05,080 - INFO - HTTP Request: POST https://api.telegram.org/bot7984366177:AAF5LFS_jWZJTqx-8N4no1dTrnBUwv9kHmo/getUpdates "HTTP/1.1 200 OK"
2025-03-27 21:41:05,340 - INFO - HTTP Request: POST https://api.telegram.org/bot7984366177:AAF5LFS_jWZJTqx-8N4no1dTrnBUwv9kHmo/answerCallbackQuery "HTTP/1.1 200 OK"
2025-03-27 21:41:05,708 - INFO - HTTP Request: POST https://api.telegram.org/bot7984366177:AAF5LFS_jWZJTqx-8N4no1dTrnBUwv9kHmo/editMessageText "HTTP/1.1 200 OK"
2025-03-27 21:41:13,296 - INFO - HTTP Request: POST https://api.telegram.org/bot7984366177:AAF5LFS_jWZJTqx-8N4no1dTrnBUwv9kHmo/getUpdates "HTTP/1.1 200 OK"
2025-03-27 21:41:16,129 - INFO - HTTP Request: POST https://api.telegram.org/bot7984366177:AAF5LFS_jWZJTqx-8N4no1dTrnBUwv9kHmo/sendMessage "HTTP/1.1 200 OK"
2025-03-27 21:41:20,493 - INFO - HTTP Request: POST https://api.telegram.org/bot7984366177:AAF5LFS_jWZJTqx-8N4no1dTrnBUwv9kHmo/getUpdates "HTTP/1.1 200 OK"
2025-03-27 21:41:20,803 - INFO - HTTP Request: POST https://api.telegram.org/bot7984366177:AAF5LFS_jWZJTqx-8N4no1dTrnBUwv9kHmo/sendMessage "HTTP/1.1 200 OK"
2025-03-27 21:41:23,019 - INFO - HTTP Request: POST https://api.telegram.org/bot7984366177:AAF5LFS_jWZJTqx-8N4no1dTrnBUwv9kHmo/getUpdates "HTTP/1.1 200 OK"
2025-03-27 21:41:23,194 - INFO - HTTP Request: POST https://api.telegram.org/bot7984366177:AAF5LFS_jWZJTqx-8N4no1dTrnBUwv9kHmo/answerCallbackQuery "HTTP/1.1 200 OK"
2025-03-27 21:41:23,380 - INFO - HTTP Request: POST https://api.telegram.org/bot7984366177:AAF5LFS_jWZJTqx-8N4no1dTrnBUwv9kHmo/editMessageText "HTTP/1.1 200 OK"
2025-03-27 21:41:25,260 - INFO - Running job "check_alerts (trigger: interval[0:01:00], next run at: 2025-03-27 21:42:25 UTC)" (scheduled at 2025-03-27 21:41:25.253122+00:00)
2025-03-27 21:41:25,262 - INFO - Job "check_alerts (trigger: interval[0:01:00], next run at: 2025-03-27 21:42:25 UTC)" executed successfully
2025-03-27 21:41:29,321 - INFO - HTTP Request: POST https://api.telegram.org/bot7984366177:AAF5LFS_jWZJTqx-8N4no1dTrnBUwv9kHmo/getUpdates "HTTP/1.1 200 OK"
2025-03-27 21:41:30,409 - INFO - Using categorical units to plot a list of strings that are all parsable as floats or dates. If these strings should be plotted as numbers, cast to the appropriate data type before plotting.
2025-03-27 21:41:30,412 - INFO - Using categorical units to plot a list of strings that are all parsable as floats or dates. If these strings should be plotted as numbers, cast to the appropriate data type before plotting.
2025-03-27 21:41:31,725 - INFO - HTTP Request: POST https://api.telegram.org/bot7984366177:AAF5LFS_jWZJTqx-8N4no1dTrnBUwv9kHmo/sendPhoto "HTTP/1.1 200 OK"
2025-03-27 21:41:33,991 - INFO - HTTP Request: POST https://api.telegram.org/bot7984366177:AAF5LFS_jWZJTqx-8N4no1dTrnBUwv9kHmo/getUpdates "HTTP/1.1 200 OK"
2025-03-27 21:41:34,179 - INFO - HTTP Request: POST https://api.telegram.org/bot7984366177:AAF5LFS_jWZJTqx-8N4no1dTrnBUwv9kHmo/answerCallbackQuery "HTTP/1.1 200 OK"
2025-03-27 21:41:35,622 - INFO - Using categorical units to plot a list of strings that are all parsable as floats or dates. If these strings should be plotted as numbers, cast to the appropriate data type before plotting.
2025-03-27 21:41:35,623 - INFO - Using categorical units to plot a list of strings that are all parsable as floats or dates. If these strings should be plotted as numbers, cast to the appropriate data type before plotting.
2025-03-27 21:41:36,147 - INFO - HTTP Request: POST https://api.telegram.org/bot7984366177:AAF5LFS_jWZJTqx-8N4no1dTrnBUwv9kHmo/editMessageMedia "HTTP/1.1 400 Bad Request"
2025-03-27 21:41:36,148 - ERROR - Chart Callback Error: Parameter "media" is required
2025-03-27 21:41:36,410 - INFO - HTTP Request: POST https://api.telegram.org/bot7984366177:AAF5LFS_jWZJTqx-8N4no1dTrnBUwv9kHmo/editMessageText "HTTP/1.1 400 Bad Request"
2025-03-27 21:41:36,411 - ERROR - Error: There is no text in the message to edit
2025-03-27 21:41:44,153 - INFO - HTTP Request: POST https://api.telegram.org/bot7984366177:AAF5LFS_jWZJTqx-8N4no1dTrnBUwv9kHmo/getUpdates "HTTP/1.1 200 OK"
2025-03-27 21:41:52,072 - INFO - HTTP Request: POST https://api.telegram.org/bot7984366177:AAF5LFS_jWZJTqx-8N4no1dTrnBUwv9kHmo/getUpdates "HTTP/1.1 200 OK"
2025-03-27 21:41:52,761 - INFO - HTTP Request: POST https://api.telegram.org/bot7984366177:AAF5LFS_jWZJTqx-8N4no1dTrnBUwv9kHmo/answerCallbackQuery "HTTP/1.1 200 OK"
2025-03-27 21:41:53,556 - INFO - Using categorical units to plot a list of strings that are all parsable as floats or dates. If these strings should be plotted as numbers, cast to the appropriate data type before plotting.
2025-03-27 21:41:53,558 - INFO - Using categorical units to plot a list of strings that are all parsable as floats or dates. If these strings should be plotted as numbers, cast to the appropriate data type before plotting.
2025-03-27 21:41:54,074 - INFO - HTTP Request: POST https://api.telegram.org/bot7984366177:AAF5LFS_jWZJTqx-8N4no1dTrnBUwv9kHmo/editMessageMedia "HTTP/1.1 400 Bad Request"
2025-03-27 21:41:54,076 - ERROR - Chart Callback Error: Parameter "media" is required
2025-03-27 21:41:54,343 - INFO - HTTP Request: POST https://api.telegram.org/bot7984366177:AAF5LFS_jWZJTqx-8N4no1dTrnBUwv9kHmo/editMessageText "HTTP/1.1 400 Bad Request"
2025-03-27 21:41:54,343 - ERROR - Error: There is no text in the message to edit
2025-03-27 21:42:01,270 - INFO - HTTP Request: POST https://api.telegram.org/bot7984366177:AAF5LFS_jWZJTqx-8N4no1dTrnBUwv9kHmo/getUpdates "HTTP/1.1 200 OK"
2025-03-27 21:42:01,820 - INFO - HTTP Request: POST https://api.telegram.org/bot7984366177:AAF5LFS_jWZJTqx-8N4no1dTrnBUwv9kHmo/answerCallbackQuery "HTTP/1.1 200 OK"
2025-03-27 21:42:03,356 - INFO - Using categorical units to plot a list of strings that are all parsable as floats or dates. If these strings should be plotted as numbers, cast to the appropriate data type before plotting.
2025-03-27 21:42:03,358 - INFO - Using categorical units to plot a list of strings that are all parsable as floats or dates. If these strings should be plotted as numbers, cast to the appropriate data type before plotting.
2025-03-27 21:42:04,103 - INFO - HTTP Request: POST https://api.telegram.org/bot7984366177:AAF5LFS_jWZJTqx-8N4no1dTrnBUwv9kHmo/editMessageMedia "HTTP/1.1 400 Bad Request"
2025-03-27 21:42:04,104 - ERROR - Chart Callback Error: Parameter "media" is required
2025-03-27 21:42:04,300 - INFO - HTTP Request: POST https://api.telegram.org/bot7984366177:AAF5LFS_jWZJTqx-8N4no1dTrnBUwv9kHmo/editMessageText "HTTP/1.1 400 Bad Request"
2025-03-27 21:42:04,308 - ERROR - Error: There is no text in the message to edit
2025-03-27 21:42:11,061 - INFO - HTTP Request: POST https://api.telegram.org/bot7984366177:AAF5LFS_jWZJTqx-8N4no1dTrnBUwv9kHmo/getUpdates "HTTP/1.1 200 OK"
2025-03-27 21:42:11,951 - INFO - HTTP Request: POST https://api.telegram.org/bot7984366177:AAF5LFS_jWZJTqx-8N4no1dTrnBUwv9kHmo/answerCallbackQuery "HTTP/1.1 200 OK"
2025-03-27 21:42:14,354 - INFO - Using categorical units to plot a list of strings that are all parsable as floats or dates. If these strings should be plotted as numbers, cast to the appropriate data type before plotting.
2025-03-27 21:42:14,354 - INFO - Using categorical units to plot a list of strings that are all parsable as floats or dates. If these strings should be plotted as numbers, cast to the appropriate data type before plotting.
2025-03-27 21:42:15,698 - INFO - HTTP Request: POST https://api.telegram.org/bot7984366177:AAF5LFS_jWZJTqx-8N4no1dTrnBUwv9kHmo/editMessageMedia "HTTP/1.1 400 Bad Request"
2025-03-27 21:42:15,701 - ERROR - Chart Callback Error: Parameter "media" is required
2025-03-27 21:42:15,960 - INFO - HTTP Request: POST https://api.telegram.org/bot7984366177:AAF5LFS_jWZJTqx-8N4no1dTrnBUwv9kHmo/editMessageText "HTTP/1.1 400 Bad Request"
2025-03-27 21:42:15,960 - ERROR - Error: There is no text in the message to edit
2025-03-27 21:42:21,242 - INFO - HTTP Request: POST https://api.telegram.org/bot7984366177:AAF5LFS_jWZJTqx-8N4no1dTrnBUwv9kHmo/getUpdates "HTTP/1.1 200 OK"
2025-03-27 21:42:25,263 - INFO - Running job "check_alerts (trigger: interval[0:01:00], next run at: 2025-03-27 21:43:25 UTC)" (scheduled at 2025-03-27 21:42:25.253122+00:00)
2025-03-27 21:42:25,263 - INFO - Job "check_alerts (trigger: interval[0:01:00], next run at: 2025-03-27 21:43:25 UTC)" executed successfully
2025-03-27 21:42:31,524 - INFO - HTTP Request: POST https://api.telegram.org/bot7984366177:AAF5LFS_jWZJTqx-8N4no1dTrnBUwv9kHmo/getUpdates "HTTP/1.1 200 OK"
2025-03-27 21:42:41,823 - INFO - HTTP Request: POST https://api.telegram.org/bot7984366177:AAF5LFS_jWZJTqx-8N4no1dTrnBUwv9kHmo/getUpdates "HTTP/1.1 200 OK"
2025-03-27 21:42:52,011 - INFO - HTTP Request: POST https://api.telegram.org/bot7984366177:AAF5LFS_jWZJTqx-8N4no1dTrnBUwv9kHmo/getUpdates "HTTP/1.1 200 OK"
2025-03-27 21:43:00,682 - INFO - HTTP Request: POST https://api.telegram.org/bot7984366177:AAF5LFS_jWZJTqx-8N4no1dTrnBUwv9kHmo/getUpdates "HTTP/1.1 200 OK"
2025-03-27 21:43:01,313 - INFO - HTTP Request: POST https://api.telegram.org/bot7984366177:AAF5LFS_jWZJTqx-8N4no1dTrnBUwv9kHmo/sendMessage "HTTP/1.1 200 OK"
2025-03-27 21:43:03,666 - INFO - HTTP Request: POST https://api.telegram.org/bot7984366177:AAF5LFS_jWZJTqx-8N4no1dTrnBUwv9kHmo/getUpdates "HTTP/1.1 200 OK"
2025-03-27 21:43:03,857 - INFO - HTTP Request: POST https://api.telegram.org/bot7984366177:AAF5LFS_jWZJTqx-8N4no1dTrnBUwv9kHmo/answerCallbackQuery "HTTP/1.1 200 OK"
2025-03-27 21:43:04,050 - INFO - HTTP Request: POST https://api.telegram.org/bot7984366177:AAF5LFS_jWZJTqx-8N4no1dTrnBUwv9kHmo/editMessageText "HTTP/1.1 200 OK"
2025-03-27 21:43:10,772 - INFO - HTTP Request: POST https://api.telegram.org/bot7984366177:AAF5LFS_jWZJTqx-8N4no1dTrnBUwv9kHmo/getUpdates "HTTP/1.1 200 OK"
2025-03-27 21:43:11,501 - INFO - HTTP Request: POST https://api.telegram.org/bot7984366177:AAF5LFS_jWZJTqx-8N4no1dTrnBUwv9kHmo/sendMessage "HTTP/1.1 200 OK"
2025-03-27 21:43:11,748 - INFO - HTTP Request: POST https://api.telegram.org/bot7984366177:AAF5LFS_jWZJTqx-8N4no1dTrnBUwv9kHmo/sendMessage "HTTP/1.1 200 OK"
2025-03-27 21:43:16,515 - INFO - HTTP Request: POST https://api.telegram.org/bot7984366177:AAF5LFS_jWZJTqx-8N4no1dTrnBUwv9kHmo/getUpdates "HTTP/1.1 200 OK"
2025-03-27 21:43:16,742 - INFO - HTTP Request: POST https://api.telegram.org/bot7984366177:AAF5LFS_jWZJTqx-8N4no1dTrnBUwv9kHmo/sendMessage "HTTP/1.1 200 OK"
2025-03-27 21:43:18,429 - INFO - HTTP Request: POST https://api.telegram.org/bot7984366177:AAF5LFS_jWZJTqx-8N4no1dTrnBUwv9kHmo/getUpdates "HTTP/1.1 200 OK"
2025-03-27 21:43:18,718 - INFO - HTTP Request: POST https://api.telegram.org/bot7984366177:AAF5LFS_jWZJTqx-8N4no1dTrnBUwv9kHmo/answerCallbackQuery "HTTP/1.1 200 OK"
2025-03-27 21:43:18,985 - INFO - HTTP Request: POST https://api.telegram.org/bot7984366177:AAF5LFS_jWZJTqx-8N4no1dTrnBUwv9kHmo/editMessageText "HTTP/1.1 200 OK"
2025-03-27 21:43:21,648 - INFO - HTTP Request: POST https://api.telegram.org/bot7984366177:AAF5LFS_jWZJTqx-8N4no1dTrnBUwv9kHmo/getUpdates "HTTP/1.1 200 OK"
2025-03-27 21:43:23,742 - INFO - HTTP Request: POST https://api.telegram.org/bot7984366177:AAF5LFS_jWZJTqx-8N4no1dTrnBUwv9kHmo/sendMessage "HTTP/1.1 200 OK"
2025-03-27 21:43:25,262 - INFO - Running job "check_alerts (trigger: interval[0:01:00], next run at: 2025-03-27 21:44:25 UTC)" (scheduled at 2025-03-27 21:43:25.253122+00:00)
2025-03-27 21:43:25,264 - INFO - Job "check_alerts (trigger: interval[0:01:00], next run at: 2025-03-27 21:44:25 UTC)" executed successfully
2025-03-27 21:43:25,746 - INFO - HTTP Request: POST https://api.telegram.org/bot7984366177:AAF5LFS_jWZJTqx-8N4no1dTrnBUwv9kHmo/getUpdates "HTTP/1.1 200 OK"
2025-03-27 21:43:26,114 - INFO - HTTP Request: POST https://api.telegram.org/bot7984366177:AAF5LFS_jWZJTqx-8N4no1dTrnBUwv9kHmo/sendMessage "HTTP/1.1 200 OK"
2025-03-27 21:43:27,627 - INFO - HTTP Request: POST https://api.telegram.org/bot7984366177:AAF5LFS_jWZJTqx-8N4no1dTrnBUwv9kHmo/getUpdates "HTTP/1.1 200 OK"
2025-03-27 21:43:27,843 - INFO - HTTP Request: POST https://api.telegram.org/bot7984366177:AAF5LFS_jWZJTqx-8N4no1dTrnBUwv9kHmo/answerCallbackQuery "HTTP/1.1 200 OK"
2025-03-27 21:43:28,103 - INFO - HTTP Request: POST https://api.telegram.org/bot7984366177:AAF5LFS_jWZJTqx-8N4no1dTrnBUwv9kHmo/editMessageText "HTTP/1.1 200 OK"
2025-03-27 21:43:28,837 - INFO - HTTP Request: POST https://api.telegram.org/bot7984366177:AAF5LFS_jWZJTqx-8N4no1dTrnBUwv9kHmo/getUpdates "HTTP/1.1 200 OK"
2025-03-27 21:43:29,265 - INFO - HTTP Request: POST https://api.telegram.org/bot7984366177:AAF5LFS_jWZJTqx-8N4no1dTrnBUwv9kHmo/sendMessage "HTTP/1.1 200 OK"
2025-03-27 21:43:39,062 - INFO - HTTP Request: POST https://api.telegram.org/bot7984366177:AAF5LFS_jWZJTqx-8N4no1dTrnBUwv9kHmo/getUpdates "HTTP/1.1 200 OK"
2025-03-27 21:43:49,250 - INFO - HTTP Request: POST https://api.telegram.org/bot7984366177:AAF5LFS_jWZJTqx-8N4no1dTrnBUwv9kHmo/getUpdates "HTTP/1.1 200 OK"
2025-03-27 21:43:59,448 - INFO - HTTP Request: POST https://api.telegram.org/bot7984366177:AAF5LFS_jWZJTqx-8N4no1dTrnBUwv9kHmo/getUpdates "HTTP/1.1 200 OK"
2025-03-27 21:44:09,641 - INFO - HTTP Request: POST https://api.telegram.org/bot7984366177:AAF5LFS_jWZJTqx-8N4no1dTrnBUwv9kHmo/getUpdates "HTTP/1.1 200 OK"
2025-03-27 21:44:19,944 - INFO - HTTP Request: POST https://api.telegram.org/bot7984366177:AAF5LFS_jWZJTqx-8N4no1dTrnBUwv9kHmo/getUpdates "HTTP/1.1 200 OK"
2025-03-27 21:44:25,262 - INFO - Running job "check_alerts (trigger: interval[0:01:00], next run at: 2025-03-27 21:45:25 UTC)" (scheduled at 2025-03-27 21:44:25.253122+00:00)
2025-03-27 21:44:25,262 - INFO - Job "check_alerts (trigger: interval[0:01:00], next run at: 2025-03-27 21:45:25 UTC)" executed successfully
2025-03-27 21:44:30,204 - INFO - HTTP Request: POST https://api.telegram.org/bot7984366177:AAF5LFS_jWZJTqx-8N4no1dTrnBUwv9kHmo/getUpdates "HTTP/1.1 200 OK"
2025-03-27 21:44:40,470 - INFO - HTTP Request: POST https://api.telegram.org/bot7984366177:AAF5LFS_jWZJTqx-8N4no1dTrnBUwv9kHmo/getUpdates "HTTP/1.1 200 OK"
2025-03-27 21:44:50,751 - INFO - HTTP Request: POST https://api.telegram.org/bot7984366177:AAF5LFS_jWZJTqx-8N4no1dTrnBUwv9kHmo/getUpdates "HTTP/1.1 200 OK"
2025-03-27 21:45:01,143 - INFO - HTTP Request: POST https://api.telegram.org/bot7984366177:AAF5LFS_jWZJTqx-8N4no1dTrnBUwv9kHmo/getUpdates "HTTP/1.1 200 OK"
2025-03-27 21:45:11,317 - INFO - HTTP Request: POST https://api.telegram.org/bot7984366177:AAF5LFS_jWZJTqx-8N4no1dTrnBUwv9kHmo/getUpdates "HTTP/1.1 200 OK"
2025-03-27 21:45:21,519 - INFO - HTTP Request: POST https://api.telegram.org/bot7984366177:AAF5LFS_jWZJTqx-8N4no1dTrnBUwv9kHmo/getUpdates "HTTP/1.1 200 OK"
2025-03-27 21:45:25,265 - INFO - Running job "check_alerts (trigger: interval[0:01:00], next run at: 2025-03-27 21:46:25 UTC)" (scheduled at 2025-03-27 21:45:25.253122+00:00)
2025-03-27 21:45:25,265 - INFO - Job "check_alerts (trigger: interval[0:01:00], next run at: 2025-03-27 21:46:25 UTC)" executed successfully
2025-03-27 21:45:31,714 - INFO - HTTP Request: POST https://api.telegram.org/bot7984366177:AAF5LFS_jWZJTqx-8N4no1dTrnBUwv9kHmo/getUpdates "HTTP/1.1 200 OK"
2025-03-27 21:45:41,874 - INFO - HTTP Request: POST https://api.telegram.org/bot7984366177:AAF5LFS_jWZJTqx-8N4no1dTrnBUwv9kHmo/getUpdates "HTTP/1.1 200 OK"
2025-03-27 21:45:52,136 - INFO - HTTP Request: POST https://api.telegram.org/bot7984366177:AAF5LFS_jWZJTqx-8N4no1dTrnBUwv9kHmo/getUpdates "HTTP/1.1 200 OK"
2025-03-27 21:46:02,422 - INFO - HTTP Request: POST https://api.telegram.org/bot7984366177:AAF5LFS_jWZJTqx-8N4no1dTrnBUwv9kHmo/getUpdates "HTTP/1.1 200 OK"
2025-03-27 21:46:12,675 - INFO - HTTP Request: POST https://api.telegram.org/bot7984366177:AAF5LFS_jWZJTqx-8N4no1dTrnBUwv9kHmo/getUpdates "HTTP/1.1 200 OK"
2025-03-27 21:46:22,922 - INFO - HTTP Request: POST https://api.telegram.org/bot7984366177:AAF5LFS_jWZJTqx-8N4no1dTrnBUwv9kHmo/getUpdates "HTTP/1.1 200 OK"
2025-03-27 21:46:25,263 - INFO - Running job "check_alerts (trigger: interval[0:01:00], next run at: 2025-03-27 21:47:25 UTC)" (scheduled at 2025-03-27 21:46:25.253122+00:00)
2025-03-27 21:46:25,263 - INFO - Job "check_alerts (trigger: interval[0:01:00], next run at: 2025-03-27 21:47:25 UTC)" executed successfully
2025-03-27 21:46:33,127 - INFO - HTTP Request: POST https://api.telegram.org/bot7984366177:AAF5LFS_jWZJTqx-8N4no1dTrnBUwv9kHmo/getUpdates "HTTP/1.1 200 OK"
2025-03-27 21:46:43,701 - INFO - HTTP Request: POST https://api.telegram.org/bot7984366177:AAF5LFS_jWZJTqx-8N4no1dTrnBUwv9kHmo/getUpdates "HTTP/1.1 200 OK"
2025-03-27 21:46:53,889 - INFO - HTTP Request: POST https://api.telegram.org/bot7984366177:AAF5LFS_jWZJTqx-8N4no1dTrnBUwv9kHmo/getUpdates "HTTP/1.1 200 OK"
2025-03-27 21:47:04,096 - INFO - HTTP Request: POST https://api.telegram.org/bot7984366177:AAF5LFS_jWZJTqx-8N4no1dTrnBUwv9kHmo/getUpdates "HTTP/1.1 200 OK"
2025-03-27 21:47:14,297 - INFO - HTTP Request: POST https://api.telegram.org/bot7984366177:AAF5LFS_jWZJTqx-8N4no1dTrnBUwv9kHmo/getUpdates "HTTP/1.1 200 OK"
2025-03-27 21:47:24,486 - INFO - HTTP Request: POST https://api.telegram.org/bot7984366177:AAF5LFS_jWZJTqx-8N4no1dTrnBUwv9kHmo/getUpdates "HTTP/1.1 200 OK"
2025-03-27 21:47:25,266 - INFO - Running job "check_alerts (trigger: interval[0:01:00], next run at: 2025-03-27 21:48:25 UTC)" (scheduled at 2025-03-27 21:47:25.253122+00:00)
2025-03-27 21:47:25,266 - INFO - Job "check_alerts (trigger: interval[0:01:00], next run at: 2025-03-27 21:48:25 UTC)" executed successfully
2025-03-27 21:47:34,671 - INFO - HTTP Request: POST https://api.telegram.org/bot7984366177:AAF5LFS_jWZJTqx-8N4no1dTrnBUwv9kHmo/getUpdates "HTTP/1.1 200 OK"
2025-03-27 21:47:44,826 - INFO - HTTP Request: POST https://api.telegram.org/bot7984366177:AAF5LFS_jWZJTqx-8N4no1dTrnBUwv9kHmo/getUpdates "HTTP/1.1 200 OK"
2025-03-27 21:47:55,020 - INFO - HTTP Request: POST https://api.telegram.org/bot7984366177:AAF5LFS_jWZJTqx-8N4no1dTrnBUwv9kHmo/getUpdates "HTTP/1.1 200 OK"
2025-03-27 21:48:05,216 - INFO - HTTP Request: POST https://api.telegram.org/bot7984366177:AAF5LFS_jWZJTqx-8N4no1dTrnBUwv9kHmo/getUpdates "HTTP/1.1 200 OK"
2025-03-27 21:48:15,401 - INFO - HTTP Request: POST https://api.telegram.org/bot7984366177:AAF5LFS_jWZJTqx-8N4no1dTrnBUwv9kHmo/getUpdates "HTTP/1.1 200 OK"
2025-03-27 21:48:25,260 - INFO - Running job "check_alerts (trigger: interval[0:01:00], next run at: 2025-03-27 21:49:25 UTC)" (scheduled at 2025-03-27 21:48:25.253122+00:00)
2025-03-27 21:48:25,260 - INFO - Job "check_alerts (trigger: interval[0:01:00], next run at: 2025-03-27 21:49:25 UTC)" executed successfully
2025-03-27 21:48:25,551 - INFO - HTTP Request: POST https://api.telegram.org/bot7984366177:AAF5LFS_jWZJTqx-8N4no1dTrnBUwv9kHmo/getUpdates "HTTP/1.1 200 OK"
2025-03-27 21:48:35,735 - INFO - HTTP Request: POST https://api.telegram.org/bot7984366177:AAF5LFS_jWZJTqx-8N4no1dTrnBUwv9kHmo/getUpdates "HTTP/1.1 200 OK"
2025-03-27 21:48:45,942 - INFO - HTTP Request: POST https://api.telegram.org/bot7984366177:AAF5LFS_jWZJTqx-8N4no1dTrnBUwv9kHmo/getUpdates "HTTP/1.1 200 OK"
2025-03-27 21:48:56,128 - INFO - HTTP Request: POST https://api.telegram.org/bot7984366177:AAF5LFS_jWZJTqx-8N4no1dTrnBUwv9kHmo/getUpdates "HTTP/1.1 200 OK"
2025-03-27 21:49:06,333 - INFO - HTTP Request: POST https://api.telegram.org/bot7984366177:AAF5LFS_jWZJTqx-8N4no1dTrnBUwv9kHmo/getUpdates "HTTP/1.1 200 OK"
2025-03-27 21:49:16,538 - INFO - HTTP Request: POST https://api.telegram.org/bot7984366177:AAF5LFS_jWZJTqx-8N4no1dTrnBUwv9kHmo/getUpdates "HTTP/1.1 200 OK"
2025-03-27 21:49:25,260 - INFO - Running job "check_alerts (trigger: interval[0:01:00], next run at: 2025-03-27 21:50:25 UTC)" (scheduled at 2025-03-27 21:49:25.253122+00:00)
2025-03-27 21:49:25,260 - INFO - Job "check_alerts (trigger: interval[0:01:00], next run at: 2025-03-27 21:50:25 UTC)" executed successfully
2025-03-27 21:49:26,756 - INFO - HTTP Request: POST https://api.telegram.org/bot7984366177:AAF5LFS_jWZJTqx-8N4no1dTrnBUwv9kHmo/getUpdates "HTTP/1.1 200 OK"
2025-03-27 21:49:37,008 - INFO - HTTP Request: POST https://api.telegram.org/bot7984366177:AAF5LFS_jWZJTqx-8N4no1dTrnBUwv9kHmo/getUpdates "HTTP/1.1 200 OK"
2025-03-27 21:49:47,197 - INFO - HTTP Request: POST https://api.telegram.org/bot7984366177:AAF5LFS_jWZJTqx-8N4no1dTrnBUwv9kHmo/getUpdates "HTTP/1.1 200 OK"
2025-03-27 21:49:57,396 - INFO - HTTP Request: POST https://api.telegram.org/bot7984366177:AAF5LFS_jWZJTqx-8N4no1dTrnBUwv9kHmo/getUpdates "HTTP/1.1 200 OK"
2025-03-27 21:50:07,680 - INFO - HTTP Request: POST https://api.telegram.org/bot7984366177:AAF5LFS_jWZJTqx-8N4no1dTrnBUwv9kHmo/getUpdates "HTTP/1.1 200 OK"
2025-03-27 21:50:17,867 - INFO - HTTP Request: POST https://api.telegram.org/bot7984366177:AAF5LFS_jWZJTqx-8N4no1dTrnBUwv9kHmo/getUpdates "HTTP/1.1 200 OK"
2025-03-27 21:50:25,256 - INFO - Running job "check_alerts (trigger: interval[0:01:00], next run at: 2025-03-27 21:51:25 UTC)" (scheduled at 2025-03-27 21:50:25.253122+00:00)
2025-03-27 21:50:25,256 - INFO - Job "check_alerts (trigger: interval[0:01:00], next run at: 2025-03-27 21:51:25 UTC)" executed successfully
2025-03-27 21:50:28,106 - INFO - HTTP Request: POST https://api.telegram.org/bot7984366177:AAF5LFS_jWZJTqx-8N4no1dTrnBUwv9kHmo/getUpdates "HTTP/1.1 200 OK"
2025-03-27 21:50:38,294 - INFO - HTTP Request: POST https://api.telegram.org/bot7984366177:AAF5LFS_jWZJTqx-8N4no1dTrnBUwv9kHmo/getUpdates "HTTP/1.1 200 OK"
2025-03-27 21:50:48,571 - INFO - HTTP Request: POST https://api.telegram.org/bot7984366177:AAF5LFS_jWZJTqx-8N4no1dTrnBUwv9kHmo/getUpdates "HTTP/1.1 200 OK"
2025-03-27 21:50:58,770 - INFO - HTTP Request: POST https://api.telegram.org/bot7984366177:AAF5LFS_jWZJTqx-8N4no1dTrnBUwv9kHmo/getUpdates "HTTP/1.1 200 OK"
2025-03-27 21:51:08,968 - INFO - HTTP Request: POST https://api.telegram.org/bot7984366177:AAF5LFS_jWZJTqx-8N4no1dTrnBUwv9kHmo/getUpdates "HTTP/1.1 200 OK"
2025-03-27 21:51:19,174 - INFO - HTTP Request: POST https://api.telegram.org/bot7984366177:AAF5LFS_jWZJTqx-8N4no1dTrnBUwv9kHmo/getUpdates "HTTP/1.1 200 OK"
2025-03-27 21:51:25,271 - INFO - Running job "check_alerts (trigger: interval[0:01:00], next run at: 2025-03-27 21:52:25 UTC)" (scheduled at 2025-03-27 21:51:25.253122+00:00)
2025-03-27 21:51:25,271 - INFO - Job "check_alerts (trigger: interval[0:01:00], next run at: 2025-03-27 21:52:25 UTC)" executed successfully
2025-03-27 21:51:29,423 - INFO - HTTP Request: POST https://api.telegram.org/bot7984366177:AAF5LFS_jWZJTqx-8N4no1dTrnBUwv9kHmo/getUpdates "HTTP/1.1 200 OK"
2025-03-27 21:51:39,677 - INFO - HTTP Request: POST https://api.telegram.org/bot7984366177:AAF5LFS_jWZJTqx-8N4no1dTrnBUwv9kHmo/getUpdates "HTTP/1.1 200 OK"
2025-03-27 21:51:49,841 - INFO - HTTP Request: POST https://api.telegram.org/bot7984366177:AAF5LFS_jWZJTqx-8N4no1dTrnBUwv9kHmo/getUpdates "HTTP/1.1 200 OK"
2025-03-27 21:52:00,026 - INFO - HTTP Request: POST https://api.telegram.org/bot7984366177:AAF5LFS_jWZJTqx-8N4no1dTrnBUwv9kHmo/getUpdates "HTTP/1.1 200 OK"
2025-03-27 21:52:10,208 - INFO - HTTP Request: POST https://api.telegram.org/bot7984366177:AAF5LFS_jWZJTqx-8N4no1dTrnBUwv9kHmo/getUpdates "HTTP/1.1 200 OK"
2025-03-27 21:52:20,392 - INFO - HTTP Request: POST https://api.telegram.org/bot7984366177:AAF5LFS_jWZJTqx-8N4no1dTrnBUwv9kHmo/getUpdates "HTTP/1.1 200 OK"
2025-03-27 21:52:25,280 - INFO - Running job "check_alerts (trigger: interval[0:01:00], next run at: 2025-03-27 21:53:25 UTC)" (scheduled at 2025-03-27 21:52:25.253122+00:00)
2025-03-27 21:52:25,282 - INFO - Job "check_alerts (trigger: interval[0:01:00], next run at: 2025-03-27 21:53:25 UTC)" executed successfully
2025-03-27 21:52:30,610 - INFO - HTTP Request: POST https://api.telegram.org/bot7984366177:AAF5LFS_jWZJTqx-8N4no1dTrnBUwv9kHmo/getUpdates "HTTP/1.1 200 OK"
2025-03-27 21:52:40,879 - INFO - HTTP Request: POST https://api.telegram.org/bot7984366177:AAF5LFS_jWZJTqx-8N4no1dTrnBUwv9kHmo/getUpdates "HTTP/1.1 200 OK"
2025-03-27 21:52:51,085 - INFO - HTTP Request: POST https://api.telegram.org/bot7984366177:AAF5LFS_jWZJTqx-8N4no1dTrnBUwv9kHmo/getUpdates "HTTP/1.1 200 OK"
2025-03-27 21:53:01,337 - INFO - HTTP Request: POST https://api.telegram.org/bot7984366177:AAF5LFS_jWZJTqx-8N4no1dTrnBUwv9kHmo/getUpdates "HTTP/1.1 200 OK"
2025-03-27 21:53:11,500 - INFO - HTTP Request: POST https://api.telegram.org/bot7984366177:AAF5LFS_jWZJTqx-8N4no1dTrnBUwv9kHmo/getUpdates "HTTP/1.1 200 OK"
2025-03-27 21:53:21,699 - INFO - HTTP Request: POST https://api.telegram.org/bot7984366177:AAF5LFS_jWZJTqx-8N4no1dTrnBUwv9kHmo/getUpdates "HTTP/1.1 200 OK"
2025-03-27 21:53:25,265 - INFO - Running job "check_alerts (trigger: interval[0:01:00], next run at: 2025-03-27 21:54:25 UTC)" (scheduled at 2025-03-27 21:53:25.253122+00:00)
2025-03-27 21:53:25,266 - INFO - Job "check_alerts (trigger: interval[0:01:00], next run at: 2025-03-27 21:54:25 UTC)" executed successfully
2025-03-27 21:53:31,847 - INFO - HTTP Request: POST https://api.telegram.org/bot7984366177:AAF5LFS_jWZJTqx-8N4no1dTrnBUwv9kHmo/getUpdates "HTTP/1.1 200 OK"
2025-03-27 21:53:42,013 - INFO - HTTP Request: POST https://api.telegram.org/bot7984366177:AAF5LFS_jWZJTqx-8N4no1dTrnBUwv9kHmo/getUpdates "HTTP/1.1 200 OK"
2025-03-27 21:53:52,309 - INFO - HTTP Request: POST https://api.telegram.org/bot7984366177:AAF5LFS_jWZJTqx-8N4no1dTrnBUwv9kHmo/getUpdates "HTTP/1.1 200 OK"
2025-03-27 21:54:02,516 - INFO - HTTP Request: POST https://api.telegram.org/bot7984366177:AAF5LFS_jWZJTqx-8N4no1dTrnBUwv9kHmo/getUpdates "HTTP/1.1 200 OK"
2025-03-27 21:54:12,766 - INFO - HTTP Request: POST https://api.telegram.org/bot7984366177:AAF5LFS_jWZJTqx-8N4no1dTrnBUwv9kHmo/getUpdates "HTTP/1.1 200 OK"
2025-03-27 21:54:23,033 - INFO - HTTP Request: POST https://api.telegram.org/bot7984366177:AAF5LFS_jWZJTqx-8N4no1dTrnBUwv9kHmo/getUpdates "HTTP/1.1 200 OK"
2025-03-27 21:54:25,255 - INFO - Running job "check_alerts (trigger: interval[0:01:00], next run at: 2025-03-27 21:55:25 UTC)" (scheduled at 2025-03-27 21:54:25.253122+00:00)
2025-03-27 21:54:25,256 - INFO - Job "check_alerts (trigger: interval[0:01:00], next run at: 2025-03-27 21:55:25 UTC)" executed successfully
2025-03-27 21:54:33,254 - INFO - HTTP Request: POST https://api.telegram.org/bot7984366177:AAF5LFS_jWZJTqx-8N4no1dTrnBUwv9kHmo/getUpdates "HTTP/1.1 200 OK"
2025-03-27 21:54:43,511 - INFO - HTTP Request: POST https://api.telegram.org/bot7984366177:AAF5LFS_jWZJTqx-8N4no1dTrnBUwv9kHmo/getUpdates "HTTP/1.1 200 OK"
2025-03-27 21:54:53,780 - INFO - HTTP Request: POST https://api.telegram.org/bot7984366177:AAF5LFS_jWZJTqx-8N4no1dTrnBUwv9kHmo/getUpdates "HTTP/1.1 200 OK"
2025-03-27 21:55:03,950 - INFO - HTTP Request: POST https://api.telegram.org/bot7984366177:AAF5LFS_jWZJTqx-8N4no1dTrnBUwv9kHmo/getUpdates "HTTP/1.1 200 OK"
2025-03-27 21:55:14,388 - INFO - HTTP Request: POST https://api.telegram.org/bot7984366177:AAF5LFS_jWZJTqx-8N4no1dTrnBUwv9kHmo/getUpdates "HTTP/1.1 200 OK"
2025-03-27 21:55:17,916 - INFO - HTTP Request: POST https://api.telegram.org/bot7984366177:AAF5LFS_jWZJTqx-8N4no1dTrnBUwv9kHmo/getUpdates "HTTP/1.1 200 OK"
2025-03-27 21:55:17,916 - INFO - Application is stopping. This might take a moment.
2025-03-27 21:55:17,916 - INFO - Scheduler has been shut down
2025-03-27 21:55:17,916 - INFO - Application.stop() complete
2025-03-27 21:55:50,133 - INFO - Adding job tentatively -- it will be properly scheduled when the scheduler starts
2025-03-27 21:55:50,142 - INFO - Adding job tentatively -- it will be properly scheduled when the scheduler starts
2025-03-27 21:55:50,884 - INFO - HTTP Request: POST https://api.telegram.org/bot7984366177:AAF5LFS_jWZJTqx-8N4no1dTrnBUwv9kHmo/getMe "HTTP/1.1 200 OK"
2025-03-27 21:55:51,062 - INFO - HTTP Request: POST https://api.telegram.org/bot7984366177:AAF5LFS_jWZJTqx-8N4no1dTrnBUwv9kHmo/deleteWebhook "HTTP/1.1 200 OK"
2025-03-27 21:55:51,064 - INFO - Added job "check_alerts" to job store "default"
2025-03-27 21:55:51,064 - INFO - Added job "daily_tip" to job store "default"
2025-03-27 21:55:51,064 - INFO - Scheduler started
2025-03-27 21:55:51,064 - INFO - Application started
2025-03-27 21:55:59,207 - INFO - HTTP Request: POST https://api.telegram.org/bot7984366177:AAF5LFS_jWZJTqx-8N4no1dTrnBUwv9kHmo/getUpdates "HTTP/1.1 200 OK"
2025-03-27 21:55:59,910 - INFO - HTTP Request: POST https://api.telegram.org/bot7984366177:AAF5LFS_jWZJTqx-8N4no1dTrnBUwv9kHmo/sendMessage "HTTP/1.1 200 OK"
2025-03-27 21:56:00,143 - INFO - Running job "check_alerts (trigger: interval[0:01:00], next run at: 2025-03-27 21:57:00 UTC)" (scheduled at 2025-03-27 21:56:00.131289+00:00)
2025-03-27 21:56:00,146 - INFO - Job "check_alerts (trigger: interval[0:01:00], next run at: 2025-03-27 21:57:00 UTC)" executed successfully
2025-03-27 21:56:03,099 - INFO - HTTP Request: POST https://api.telegram.org/bot7984366177:AAF5LFS_jWZJTqx-8N4no1dTrnBUwv9kHmo/getUpdates "HTTP/1.1 200 OK"
2025-03-27 21:56:03,310 - INFO - HTTP Request: POST https://api.telegram.org/bot7984366177:AAF5LFS_jWZJTqx-8N4no1dTrnBUwv9kHmo/answerCallbackQuery "HTTP/1.1 200 OK"
2025-03-27 21:56:03,507 - INFO - HTTP Request: POST https://api.telegram.org/bot7984366177:AAF5LFS_jWZJTqx-8N4no1dTrnBUwv9kHmo/editMessageText "HTTP/1.1 200 OK"
2025-03-27 21:56:06,266 - INFO - HTTP Request: POST https://api.telegram.org/bot7984366177:AAF5LFS_jWZJTqx-8N4no1dTrnBUwv9kHmo/getUpdates "HTTP/1.1 200 OK"
2025-03-27 21:56:06,615 - INFO - HTTP Request: POST https://api.telegram.org/bot7984366177:AAF5LFS_jWZJTqx-8N4no1dTrnBUwv9kHmo/answerCallbackQuery "HTTP/1.1 200 OK"
2025-03-27 21:56:06,994 - INFO - HTTP Request: POST https://api.telegram.org/bot7984366177:AAF5LFS_jWZJTqx-8N4no1dTrnBUwv9kHmo/editMessageText "HTTP/1.1 200 OK"
2025-03-27 21:56:10,979 - INFO - HTTP Request: POST https://api.telegram.org/bot7984366177:AAF5LFS_jWZJTqx-8N4no1dTrnBUwv9kHmo/getUpdates "HTTP/1.1 200 OK"
2025-03-27 21:56:11,203 - INFO - HTTP Request: POST https://api.telegram.org/bot7984366177:AAF5LFS_jWZJTqx-8N4no1dTrnBUwv9kHmo/sendMessage "HTTP/1.1 200 OK"
2025-03-27 21:56:15,949 - INFO - HTTP Request: POST https://api.telegram.org/bot7984366177:AAF5LFS_jWZJTqx-8N4no1dTrnBUwv9kHmo/getUpdates "HTTP/1.1 200 OK"
2025-03-27 21:56:16,188 - INFO - HTTP Request: POST https://api.telegram.org/bot7984366177:AAF5LFS_jWZJTqx-8N4no1dTrnBUwv9kHmo/answerCallbackQuery "HTTP/1.1 200 OK"
2025-03-27 21:56:16,424 - INFO - HTTP Request: POST https://api.telegram.org/bot7984366177:AAF5LFS_jWZJTqx-8N4no1dTrnBUwv9kHmo/editMessageText "HTTP/1.1 200 OK"
2025-03-27 21:56:26,218 - INFO - HTTP Request: POST https://api.telegram.org/bot7984366177:AAF5LFS_jWZJTqx-8N4no1dTrnBUwv9kHmo/getUpdates "HTTP/1.1 200 OK"
2025-03-27 21:56:32,046 - INFO - HTTP Request: POST https://api.telegram.org/bot7984366177:AAF5LFS_jWZJTqx-8N4no1dTrnBUwv9kHmo/getUpdates "HTTP/1.1 200 OK"
2025-03-27 21:56:32,766 - INFO - HTTP Request: POST https://api.telegram.org/bot7984366177:AAF5LFS_jWZJTqx-8N4no1dTrnBUwv9kHmo/answerCallbackQuery "HTTP/1.1 200 OK"
2025-03-27 21:56:33,074 - INFO - HTTP Request: POST https://api.telegram.org/bot7984366177:AAF5LFS_jWZJTqx-8N4no1dTrnBUwv9kHmo/editMessageText "HTTP/1.1 200 OK"
2025-03-27 21:56:33,419 - INFO - HTTP Request: POST https://api.telegram.org/bot7984366177:AAF5LFS_jWZJTqx-8N4no1dTrnBUwv9kHmo/sendPoll "HTTP/1.1 200 OK"
2025-03-27 21:56:42,298 - INFO - HTTP Request: POST https://api.telegram.org/bot7984366177:AAF5LFS_jWZJTqx-8N4no1dTrnBUwv9kHmo/getUpdates "HTTP/1.1 200 OK"
2025-03-27 21:56:52,548 - INFO - HTTP Request: POST https://api.telegram.org/bot7984366177:AAF5LFS_jWZJTqx-8N4no1dTrnBUwv9kHmo/getUpdates "HTTP/1.1 200 OK"
2025-03-27 21:57:00,140 - INFO - Running job "check_alerts (trigger: interval[0:01:00], next run at: 2025-03-27 21:58:00 UTC)" (scheduled at 2025-03-27 21:57:00.131289+00:00)
2025-03-27 21:57:00,145 - INFO - Job "check_alerts (trigger: interval[0:01:00], next run at: 2025-03-27 21:58:00 UTC)" executed successfully
2025-03-27 21:57:02,751 - INFO - HTTP Request: POST https://api.telegram.org/bot7984366177:AAF5LFS_jWZJTqx-8N4no1dTrnBUwv9kHmo/getUpdates "HTTP/1.1 200 OK"
2025-03-27 21:57:12,940 - INFO - HTTP Request: POST https://api.telegram.org/bot7984366177:AAF5LFS_jWZJTqx-8N4no1dTrnBUwv9kHmo/getUpdates "HTTP/1.1 200 OK"
2025-03-27 21:57:23,209 - INFO - HTTP Request: POST https://api.telegram.org/bot7984366177:AAF5LFS_jWZJTqx-8N4no1dTrnBUwv9kHmo/getUpdates "HTTP/1.1 200 OK"
2025-03-27 21:57:33,424 - INFO - HTTP Request: POST https://api.telegram.org/bot7984366177:AAF5LFS_jWZJTqx-8N4no1dTrnBUwv9kHmo/getUpdates "HTTP/1.1 200 OK"
2025-03-27 21:57:43,607 - INFO - HTTP Request: POST https://api.telegram.org/bot7984366177:AAF5LFS_jWZJTqx-8N4no1dTrnBUwv9kHmo/getUpdates "HTTP/1.1 200 OK"
2025-03-27 21:57:53,785 - INFO - HTTP Request: POST https://api.telegram.org/bot7984366177:AAF5LFS_jWZJTqx-8N4no1dTrnBUwv9kHmo/getUpdates "HTTP/1.1 200 OK"
2025-03-27 21:58:00,144 - INFO - Running job "check_alerts (trigger: interval[0:01:00], next run at: 2025-03-27 21:59:00 UTC)" (scheduled at 2025-03-27 21:58:00.131289+00:00)
2025-03-27 21:58:00,146 - INFO - Job "check_alerts (trigger: interval[0:01:00], next run at: 2025-03-27 21:59:00 UTC)" executed successfully
2025-03-27 21:58:04,038 - INFO - HTTP Request: POST https://api.telegram.org/bot7984366177:AAF5LFS_jWZJTqx-8N4no1dTrnBUwv9kHmo/getUpdates "HTTP/1.1 200 OK"
2025-03-27 21:58:14,223 - INFO - HTTP Request: POST https://api.telegram.org/bot7984366177:AAF5LFS_jWZJTqx-8N4no1dTrnBUwv9kHmo/getUpdates "HTTP/1.1 200 OK"
2025-03-27 21:58:24,417 - INFO - HTTP Request: POST https://api.telegram.org/bot7984366177:AAF5LFS_jWZJTqx-8N4no1dTrnBUwv9kHmo/getUpdates "HTTP/1.1 200 OK"
2025-03-27 21:58:34,586 - INFO - HTTP Request: POST https://api.telegram.org/bot7984366177:AAF5LFS_jWZJTqx-8N4no1dTrnBUwv9kHmo/getUpdates "HTTP/1.1 200 OK"
2025-03-27 21:58:44,832 - INFO - HTTP Request: POST https://api.telegram.org/bot7984366177:AAF5LFS_jWZJTqx-8N4no1dTrnBUwv9kHmo/getUpdates "HTTP/1.1 200 OK"
2025-03-27 21:58:54,981 - INFO - HTTP Request: POST https://api.telegram.org/bot7984366177:AAF5LFS_jWZJTqx-8N4no1dTrnBUwv9kHmo/getUpdates "HTTP/1.1 200 OK"
2025-03-27 21:59:00,133 - INFO - Running job "check_alerts (trigger: interval[0:01:00], next run at: 2025-03-27 22:00:00 UTC)" (scheduled at 2025-03-27 21:59:00.131289+00:00)
2025-03-27 21:59:00,135 - INFO - Job "check_alerts (trigger: interval[0:01:00], next run at: 2025-03-27 22:00:00 UTC)" executed successfully
2025-03-27 21:59:05,153 - INFO - HTTP Request: POST https://api.telegram.org/bot7984366177:AAF5LFS_jWZJTqx-8N4no1dTrnBUwv9kHmo/getUpdates "HTTP/1.1 200 OK"
2025-03-27 21:59:15,344 - INFO - HTTP Request: POST https://api.telegram.org/bot7984366177:AAF5LFS_jWZJTqx-8N4no1dTrnBUwv9kHmo/getUpdates "HTTP/1.1 200 OK"
2025-03-27 21:59:25,543 - INFO - HTTP Request: POST https://api.telegram.org/bot7984366177:AAF5LFS_jWZJTqx-8N4no1dTrnBUwv9kHmo/getUpdates "HTTP/1.1 200 OK"
2025-03-27 21:59:35,697 - INFO - HTTP Request: POST https://api.telegram.org/bot7984366177:AAF5LFS_jWZJTqx-8N4no1dTrnBUwv9kHmo/getUpdates "HTTP/1.1 200 OK"
2025-03-27 21:59:45,869 - INFO - HTTP Request: POST https://api.telegram.org/bot7984366177:AAF5LFS_jWZJTqx-8N4no1dTrnBUwv9kHmo/getUpdates "HTTP/1.1 200 OK"
2025-03-27 21:59:56,054 - INFO - HTTP Request: POST https://api.telegram.org/bot7984366177:AAF5LFS_jWZJTqx-8N4no1dTrnBUwv9kHmo/getUpdates "HTTP/1.1 200 OK"
2025-03-27 22:00:00,139 - INFO - Running job "check_alerts (trigger: interval[0:01:00], next run at: 2025-03-27 22:01:00 UTC)" (scheduled at 2025-03-27 22:00:00.131289+00:00)
2025-03-27 22:00:00,141 - INFO - Job "check_alerts (trigger: interval[0:01:00], next run at: 2025-03-27 22:01:00 UTC)" executed successfully
2025-03-27 22:00:06,217 - INFO - HTTP Request: POST https://api.telegram.org/bot7984366177:AAF5LFS_jWZJTqx-8N4no1dTrnBUwv9kHmo/getUpdates "HTTP/1.1 200 OK"
2025-03-27 22:00:16,400 - INFO - HTTP Request: POST https://api.telegram.org/bot7984366177:AAF5LFS_jWZJTqx-8N4no1dTrnBUwv9kHmo/getUpdates "HTTP/1.1 200 OK"
2025-03-27 22:00:26,618 - INFO - HTTP Request: POST https://api.telegram.org/bot7984366177:AAF5LFS_jWZJTqx-8N4no1dTrnBUwv9kHmo/getUpdates "HTTP/1.1 200 OK"
2025-03-27 22:00:36,798 - INFO - HTTP Request: POST https://api.telegram.org/bot7984366177:AAF5LFS_jWZJTqx-8N4no1dTrnBUwv9kHmo/getUpdates "HTTP/1.1 200 OK"
2025-03-27 22:00:46,974 - INFO - HTTP Request: POST https://api.telegram.org/bot7984366177:AAF5LFS_jWZJTqx-8N4no1dTrnBUwv9kHmo/getUpdates "HTTP/1.1 200 OK"
2025-03-27 22:01:00,137 - INFO - Running job "check_alerts (trigger: interval[0:01:00], next run at: 2025-03-27 22:02:00 UTC)" (scheduled at 2025-03-27 22:01:00.131289+00:00)
2025-03-27 22:01:00,138 - INFO - Job "check_alerts (trigger: interval[0:01:00], next run at: 2025-03-27 22:02:00 UTC)" executed successfully
2025-03-27 22:01:12,482 - INFO - HTTP Request: POST https://api.telegram.org/bot7984366177:AAF5LFS_jWZJTqx-8N4no1dTrnBUwv9kHmo/getUpdates "HTTP/1.1 200 OK"
2025-03-27 22:01:22,632 - INFO - HTTP Request: POST https://api.telegram.org/bot7984366177:AAF5LFS_jWZJTqx-8N4no1dTrnBUwv9kHmo/getUpdates "HTTP/1.1 200 OK"
2025-03-27 22:01:32,826 - INFO - HTTP Request: POST https://api.telegram.org/bot7984366177:AAF5LFS_jWZJTqx-8N4no1dTrnBUwv9kHmo/getUpdates "HTTP/1.1 200 OK"
2025-03-27 22:01:43,032 - INFO - HTTP Request: POST https://api.telegram.org/bot7984366177:AAF5LFS_jWZJTqx-8N4no1dTrnBUwv9kHmo/getUpdates "HTTP/1.1 200 OK"
2025-03-27 22:01:53,235 - INFO - HTTP Request: POST https://api.telegram.org/bot7984366177:AAF5LFS_jWZJTqx-8N4no1dTrnBUwv9kHmo/getUpdates "HTTP/1.1 200 OK"
2025-03-27 22:02:00,139 - INFO - Running job "check_alerts (trigger: interval[0:01:00], next run at: 2025-03-27 22:03:00 UTC)" (scheduled at 2025-03-27 22:02:00.131289+00:00)
2025-03-27 22:02:00,143 - INFO - Job "check_alerts (trigger: interval[0:01:00], next run at: 2025-03-27 22:03:00 UTC)" executed successfully
2025-03-27 22:02:03,439 - INFO - HTTP Request: POST https://api.telegram.org/bot7984366177:AAF5LFS_jWZJTqx-8N4no1dTrnBUwv9kHmo/getUpdates "HTTP/1.1 200 OK"
2025-03-27 22:02:13,581 - INFO - HTTP Request: POST https://api.telegram.org/bot7984366177:AAF5LFS_jWZJTqx-8N4no1dTrnBUwv9kHmo/getUpdates "HTTP/1.1 200 OK"
2025-03-27 22:02:23,804 - INFO - HTTP Request: POST https://api.telegram.org/bot7984366177:AAF5LFS_jWZJTqx-8N4no1dTrnBUwv9kHmo/getUpdates "HTTP/1.1 200 OK"
2025-03-27 22:02:34,061 - INFO - HTTP Request: POST https://api.telegram.org/bot7984366177:AAF5LFS_jWZJTqx-8N4no1dTrnBUwv9kHmo/getUpdates "HTTP/1.1 200 OK"
2025-03-27 22:02:44,348 - INFO - HTTP Request: POST https://api.telegram.org/bot7984366177:AAF5LFS_jWZJTqx-8N4no1dTrnBUwv9kHmo/getUpdates "HTTP/1.1 200 OK"
2025-03-27 22:02:54,632 - INFO - HTTP Request: POST https://api.telegram.org/bot7984366177:AAF5LFS_jWZJTqx-8N4no1dTrnBUwv9kHmo/getUpdates "HTTP/1.1 200 OK"
2025-03-27 22:03:00,143 - INFO - Running job "check_alerts (trigger: interval[0:01:00], next run at: 2025-03-27 22:04:00 UTC)" (scheduled at 2025-03-27 22:03:00.131289+00:00)
2025-03-27 22:03:00,143 - INFO - Job "check_alerts (trigger: interval[0:01:00], next run at: 2025-03-27 22:04:00 UTC)" executed successfully
2025-03-27 22:03:05,005 - INFO - HTTP Request: POST https://api.telegram.org/bot7984366177:AAF5LFS_jWZJTqx-8N4no1dTrnBUwv9kHmo/getUpdates "HTTP/1.1 200 OK"
2025-03-27 22:03:15,320 - INFO - HTTP Request: POST https://api.telegram.org/bot7984366177:AAF5LFS_jWZJTqx-8N4no1dTrnBUwv9kHmo/getUpdates "HTTP/1.1 200 OK"
2025-03-27 22:03:25,533 - INFO - HTTP Request: POST https://api.telegram.org/bot7984366177:AAF5LFS_jWZJTqx-8N4no1dTrnBUwv9kHmo/getUpdates "HTTP/1.1 200 OK"
2025-03-27 22:03:35,719 - INFO - HTTP Request: POST https://api.telegram.org/bot7984366177:AAF5LFS_jWZJTqx-8N4no1dTrnBUwv9kHmo/getUpdates "HTTP/1.1 200 OK"
2025-03-27 22:03:45,947 - INFO - HTTP Request: POST https://api.telegram.org/bot7984366177:AAF5LFS_jWZJTqx-8N4no1dTrnBUwv9kHmo/getUpdates "HTTP/1.1 200 OK"
2025-03-27 22:03:56,090 - INFO - HTTP Request: POST https://api.telegram.org/bot7984366177:AAF5LFS_jWZJTqx-8N4no1dTrnBUwv9kHmo/getUpdates "HTTP/1.1 200 OK"
2025-03-27 22:04:00,144 - INFO - Running job "check_alerts (trigger: interval[0:01:00], next run at: 2025-03-27 22:05:00 UTC)" (scheduled at 2025-03-27 22:04:00.131289+00:00)
2025-03-27 22:04:00,144 - INFO - Job "check_alerts (trigger: interval[0:01:00], next run at: 2025-03-27 22:05:00 UTC)" executed successfully
2025-03-27 22:04:06,251 - INFO - HTTP Request: POST https://api.telegram.org/bot7984366177:AAF5LFS_jWZJTqx-8N4no1dTrnBUwv9kHmo/getUpdates "HTTP/1.1 200 OK"
2025-03-27 22:04:16,405 - INFO - HTTP Request: POST https://api.telegram.org/bot7984366177:AAF5LFS_jWZJTqx-8N4no1dTrnBUwv9kHmo/getUpdates "HTTP/1.1 200 OK"
2025-03-27 22:04:26,668 - INFO - HTTP Request: POST https://api.telegram.org/bot7984366177:AAF5LFS_jWZJTqx-8N4no1dTrnBUwv9kHmo/getUpdates "HTTP/1.1 200 OK"
2025-03-27 22:04:36,853 - INFO - HTTP Request: POST https://api.telegram.org/bot7984366177:AAF5LFS_jWZJTqx-8N4no1dTrnBUwv9kHmo/getUpdates "HTTP/1.1 200 OK"
2025-03-27 22:04:47,021 - INFO - HTTP Request: POST https://api.telegram.org/bot7984366177:AAF5LFS_jWZJTqx-8N4no1dTrnBUwv9kHmo/getUpdates "HTTP/1.1 200 OK"
2025-03-27 22:04:57,173 - INFO - HTTP Request: POST https://api.telegram.org/bot7984366177:AAF5LFS_jWZJTqx-8N4no1dTrnBUwv9kHmo/getUpdates "HTTP/1.1 200 OK"
2025-03-27 22:05:00,136 - INFO - Running job "check_alerts (trigger: interval[0:01:00], next run at: 2025-03-27 22:06:00 UTC)" (scheduled at 2025-03-27 22:05:00.131289+00:00)
2025-03-27 22:05:00,138 - INFO - Job "check_alerts (trigger: interval[0:01:00], next run at: 2025-03-27 22:06:00 UTC)" executed successfully
2025-03-27 22:05:07,401 - INFO - HTTP Request: POST https://api.telegram.org/bot7984366177:AAF5LFS_jWZJTqx-8N4no1dTrnBUwv9kHmo/getUpdates "HTTP/1.1 200 OK"
2025-03-27 22:05:17,577 - INFO - HTTP Request: POST https://api.telegram.org/bot7984366177:AAF5LFS_jWZJTqx-8N4no1dTrnBUwv9kHmo/getUpdates "HTTP/1.1 200 OK"
2025-03-27 22:05:27,778 - INFO - HTTP Request: POST https://api.telegram.org/bot7984366177:AAF5LFS_jWZJTqx-8N4no1dTrnBUwv9kHmo/getUpdates "HTTP/1.1 200 OK"
2025-03-27 22:05:37,985 - INFO - HTTP Request: POST https://api.telegram.org/bot7984366177:AAF5LFS_jWZJTqx-8N4no1dTrnBUwv9kHmo/getUpdates "HTTP/1.1 200 OK"
2025-03-27 22:05:48,120 - INFO - HTTP Request: POST https://api.telegram.org/bot7984366177:AAF5LFS_jWZJTqx-8N4no1dTrnBUwv9kHmo/getUpdates "HTTP/1.1 200 OK"
2025-03-27 22:05:58,326 - INFO - HTTP Request: POST https://api.telegram.org/bot7984366177:AAF5LFS_jWZJTqx-8N4no1dTrnBUwv9kHmo/getUpdates "HTTP/1.1 200 OK"
2025-03-27 22:06:00,147 - INFO - Running job "check_alerts (trigger: interval[0:01:00], next run at: 2025-03-27 22:07:00 UTC)" (scheduled at 2025-03-27 22:06:00.131289+00:00)
2025-03-27 22:06:00,147 - INFO - Job "check_alerts (trigger: interval[0:01:00], next run at: 2025-03-27 22:07:00 UTC)" executed successfully
2025-03-27 22:06:08,523 - INFO - HTTP Request: POST https://api.telegram.org/bot7984366177:AAF5LFS_jWZJTqx-8N4no1dTrnBUwv9kHmo/getUpdates "HTTP/1.1 200 OK"
2025-03-27 22:06:18,674 - INFO - HTTP Request: POST https://api.telegram.org/bot7984366177:AAF5LFS_jWZJTqx-8N4no1dTrnBUwv9kHmo/getUpdates "HTTP/1.1 200 OK"
2025-03-27 22:06:28,873 - INFO - HTTP Request: POST https://api.telegram.org/bot7984366177:AAF5LFS_jWZJTqx-8N4no1dTrnBUwv9kHmo/getUpdates "HTTP/1.1 200 OK"
2025-03-27 22:06:39,046 - INFO - HTTP Request: POST https://api.telegram.org/bot7984366177:AAF5LFS_jWZJTqx-8N4no1dTrnBUwv9kHmo/getUpdates "HTTP/1.1 200 OK"
2025-03-27 22:06:49,215 - INFO - HTTP Request: POST https://api.telegram.org/bot7984366177:AAF5LFS_jWZJTqx-8N4no1dTrnBUwv9kHmo/getUpdates "HTTP/1.1 200 OK"
2025-03-27 22:06:59,463 - INFO - HTTP Request: POST https://api.telegram.org/bot7984366177:AAF5LFS_jWZJTqx-8N4no1dTrnBUwv9kHmo/getUpdates "HTTP/1.1 200 OK"
2025-03-27 22:07:00,139 - INFO - Running job "check_alerts (trigger: interval[0:01:00], next run at: 2025-03-27 22:08:00 UTC)" (scheduled at 2025-03-27 22:07:00.131289+00:00)
2025-03-27 22:07:00,140 - INFO - Job "check_alerts (trigger: interval[0:01:00], next run at: 2025-03-27 22:08:00 UTC)" executed successfully
2025-03-27 22:07:09,617 - INFO - HTTP Request: POST https://api.telegram.org/bot7984366177:AAF5LFS_jWZJTqx-8N4no1dTrnBUwv9kHmo/getUpdates "HTTP/1.1 200 OK"
2025-03-27 22:07:19,848 - INFO - HTTP Request: POST https://api.telegram.org/bot7984366177:AAF5LFS_jWZJTqx-8N4no1dTrnBUwv9kHmo/getUpdates "HTTP/1.1 200 OK"
2025-03-27 22:07:30,061 - INFO - HTTP Request: POST https://api.telegram.org/bot7984366177:AAF5LFS_jWZJTqx-8N4no1dTrnBUwv9kHmo/getUpdates "HTTP/1.1 200 OK"
2025-03-27 22:07:40,230 - INFO - HTTP Request: POST https://api.telegram.org/bot7984366177:AAF5LFS_jWZJTqx-8N4no1dTrnBUwv9kHmo/getUpdates "HTTP/1.1 200 OK"
2025-03-27 22:07:50,446 - INFO - HTTP Request: POST https://api.telegram.org/bot7984366177:AAF5LFS_jWZJTqx-8N4no1dTrnBUwv9kHmo/getUpdates "HTTP/1.1 200 OK"
2025-03-27 22:07:55,503 - INFO - HTTP Request: POST https://api.telegram.org/bot7984366177:AAF5LFS_jWZJTqx-8N4no1dTrnBUwv9kHmo/getUpdates "HTTP/1.1 200 OK"
2025-03-27 22:07:55,505 - INFO - Application is stopping. This might take a moment.
2025-03-27 22:07:55,506 - INFO - Scheduler has been shut down
2025-03-27 22:07:55,506 - INFO - Application.stop() complete
